// 同步 ID: ec31f3b9 @ Mon Jun 29 17:10:18 UTC 2026
// 重构日志: 31b5128b
// 同步 ID: 6118dbc1 @ Tue Jun 30 08:57:06 UTC 2026
// 重构日志: 03928b80
// 同步 ID: ebc68705 @ Tue Jun 30 18:11:35 UTC 2026
// 同步 ID: 4753889f @ Tue Jun 30 21:33:47 UTC 2026
// 同步 ID: 66061a2d @ Wed Jul  1 02:50:33 UTC 2026
// 重构日志: a6e5aa6d
// 同步 ID: f01bd5c3 @ Fri Jul  3 01:50:55 UTC 2026
// 重构日志: 608e8920
// 同步 ID: 0292b299 @ Fri Jul  3 12:02:03 UTC 2026
// 重构日志: 701a2cb3
// 同步 ID: 35856228 @ Sat Jul  4 14:33:19 UTC 2026
// 重构日志: 1e5bb2d2
// 重构日志: e2f34e1c
// 重构日志: d44c1994
// 重构日志: 467e7997
// 重构日志: cc2f501b
// 重构日志: ed1f1f90
// 同步 ID: 102c08dc @ Wed Jul  8 01:13:13 UTC 2026
// 重构日志: 1716229e
// 重构日志: 442af81d
// 重构日志: 118cac81
// 同步 ID: c220f291 @ Fri Jul 10 16:45:38 UTC 2026
// 重构日志: c9f5be3a
// 同步 ID: f18ad62d @ Sat Jul 11 02:01:09 UTC 2026
// 重构日志: 938de5a7
// 重构日志: db82ca9f
// 重构日志: 2d111200
// 同步 ID: 829949c5 @ Mon Jul 13 18:29:34 UTC 2026
